# JRE version: Java(TM) SE Runtime Environment (8.0-b132) (build 1.8.0-b132)
# Java VM: Java HotSpot(TM) 64-Bit Server VM (25.0-b70 mixed mode bsd-amd64 compressed oops)
Heap:
 PSYoungGen      total 27136K, used 12140K [0x000000076ab00000, 0x000000076cb00000, 0x00000007c0000000)
  eden space 25600K, 43% used [0x000000076ab00000,0x000000076b5cd1f8,0x000000076c400000)
  from space 1536K, 70% used [0x000000076c500000,0x000000076c60de28,0x000000076c680000)
  to   space 3584K, 0% used [0x000000076c780000,0x000000076c780000,0x000000076cb00000)
 ParOldGen       total 260608K, used 8549K [0x00000006c0000000, 0x00000006cfe80000, 0x000000076ab00000)
  object space 260608K, 3% used [0x00000006c0000000,0x00000006c0859578,0x00000006cfe80000)
 Metaspace       used 19579K, capacity 20654K, committed 20864K, reserved 1067008K
  class space    used 2055K, capacity 2347K, committed 2432K, reserved 1048576K
GC Heap History (10 events):
Event: 0.871 GC heap before
{Heap before GC invocations=13 (full 0):
 PSYoungGen      total 12288K, used 11360K [0x000000076ab00000, 0x000000076b900000, 0x00000007c0000000)
  eden space 10240K, 100% used [0x000000076ab00000,0x000000076b500000,0x000000076b500000)
  from space 2048K, 54% used [0x000000076b700000,0x000000076b818000,0x000000076b900000)
  to   space 2048K, 0% used [0x000000076b500000,0x000000076b500000,0x000000076b700000)
 ParOldGen       total 260608K, used 4239K [0x00000006c0000000, 0x00000006cfe80000, 0x000000076ab00000)
  object space 260608K, 1% used [0x00000006c0000000,0x00000006c0423d90,0x00000006cfe80000)
 Metaspace       used 11961K, capacity 12360K, committed 12544K, reserved 1060864K
  class space    used 1330K, capacity 1469K, committed 1536K, reserved 1048576K
Event: 0.874 GC heap after
Heap after GC invocations=13 (full 0):
 PSYoungGen      total 12288K, used 2028K [0x000000076ab00000, 0x000000076c100000, 0x00000007c0000000)
  eden space 10240K, 0% used [0x000000076ab00000,0x000000076ab00000,0x000000076b500000)
  from space 2048K, 99% used [0x000000076b500000,0x000000076b6fb178,0x000000076b700000)
  to   space 3072K, 0% used [0x000000076be00000,0x000000076be00000,0x000000076c100000)
 ParOldGen       total 260608K, used 5748K [0x00000006c0000000, 0x00000006cfe80000, 0x000000076ab00000)
  object space 260608K, 2% used [0x00000006c0000000,0x00000006c059d0a8,0x00000006cfe80000)
 Metaspace       used 11961K, capacity 12360K, committed 12544K, reserved 1060864K
  class space    used 1330K, capacity 1469K, committed 1536K, reserved 1048576K
}
Event: 1.058 GC heap before
{Heap before GC invocations=14 (full 0):
 PSYoungGen      total 12288K, used 12268K [0x000000076ab00000, 0x000000076c100000, 0x00000007c0000000)
  eden space 10240K, 100% used [0x000000076ab00000,0x000000076b500000,0x000000076b500000)
  from space 2048K, 99% used [0x000000076b500000,0x000000076b6fb178,0x000000076b700000)
  to   space 3072K, 0% used [0x000000076be00000,0x000000076be00000,0x000000076c100000)
 ParOldGen       total 260608K, used 5748K [0x00000006c0000000, 0x00000006cfe80000, 0x000000076ab00000)
  object space 260608K, 2% used [0x00000006c0000000,0x00000006c059d0a8,0x00000006cfe80000)
 Metaspace       used 14286K, capacity 15178K, committed 15488K, reserved 1062912K
  class space    used 1607K, capacity 1839K, committed 1920K, reserved 1048576K
Event: 1.062 GC heap after
Heap after GC invocations=14 (full 0):
 PSYoungGen      total 19456K, used 2606K [0x000000076ab00000, 0x000000076c100000, 0x00000007c0000000)
  eden space 16384K, 0% used [0x000000076ab00000,0x000000076ab00000,0x000000076bb00000)
  from space 3072K, 84% used [0x000000076be00000,0x000000076c08ba58,0x000000076c100000)
  to   space 3072K, 0% used [0x000000076bb00000,0x000000076bb00000,0x000000076be00000)
 ParOldGen       total 260608K, used 6551K [0x00000006c0000000, 0x00000006cfe80000, 0x000000076ab00000)
  object space 260608K, 2% used [0x00000006c0000000,0x00000006c0665c80,0x00000006cfe80000)
 Metaspace       used 14286K, capacity 15178K, committed 15488K, reserved 1062912K
  class space    used 1607K, capacity 1839K, committed 1920K, reserved 1048576K
}
Event: 117.889 GC heap before
{Heap before GC invocations=15 (full 0):
 PSYoungGen      total 19456K, used 18990K [0x000000076ab00000, 0x000000076c100000, 0x00000007c0000000)
  eden space 16384K, 100% used [0x000000076ab00000,0x000000076bb00000,0x000000076bb00000)
  from space 3072K, 84% used [0x000000076be00000,0x000000076c08ba58,0x000000076c100000)
  to   space 3072K, 0% used [0x000000076bb00000,0x000000076bb00000,0x000000076be00000)
 ParOldGen       total 260608K, used 6551K [0x00000006c0000000, 0x00000006cfe80000, 0x000000076ab00000)
  object space 260608K, 2% used [0x00000006c0000000,0x00000006c0665c80,0x00000006cfe80000)
 Metaspace       used 16424K, capacity 17394K, committed 17536K, reserved 1064960K
  class space    used 1849K, capacity 2115K, committed 2176K, reserved 1048576K
Event: 117.893 GC heap after
Heap after GC invocations=15 (full 0):
 PSYoungGen      total 19456K, used 2927K [0x000000076ab00000, 0x000000076cc00000, 0x00000007c0000000)
  eden space 16384K, 0% used [0x000000076ab00000,0x000000076ab00000,0x000000076bb00000)
  from space 3072K, 95% used [0x000000076bb00000,0x000000076bddbd00,0x000000076be00000)
  to   space 3584K, 0% used [0x000000076c880000,0x000000076c880000,0x000000076cc00000)
 ParOldGen       total 260608K, used 7136K [0x00000006c0000000, 0x00000006cfe80000, 0x000000076ab00000)
  object space 260608K, 2% used [0x00000006c0000000,0x00000006c06f8008,0x00000006cfe80000)
 Metaspace       used 16424K, capacity 17394K, committed 17536K, reserved 1064960K
  class space    used 1849K, capacity 2115K, committed 2176K, reserved 1048576K
}
Event: 197.929 GC heap before
{Heap before GC invocations=16 (full 0):
 PSYoungGen      total 19456K, used 19311K [0x000000076ab00000, 0x000000076cc00000, 0x00000007c0000000)
  eden space 16384K, 100% used [0x000000076ab00000,0x000000076bb00000,0x000000076bb00000)
  from space 3072K, 95% used [0x000000076bb00000,0x000000076bddbd00,0x000000076be00000)
  to   space 3584K, 0% used [0x000000076c880000,0x000000076c880000,0x000000076cc00000)
 ParOldGen       total 260608K, used 7136K [0x00000006c0000000, 0x00000006cfe80000, 0x000000076ab00000)
  object space 260608K, 2% used [0x00000006c0000000,0x00000006c06f8008,0x00000006cfe80000)
 Metaspace       used 17185K, capacity 18186K, committed 18432K, reserved 1064960K
  class space    used 1907K, capacity 2195K, committed 2304K, reserved 1048576K
Event: 197.931 GC heap after
Heap after GC invocations=16 (full 0):
 PSYoungGen      total 30208K, used 602K [0x000000076ab00000, 0x000000076cc00000, 0x00000007c0000000)
  eden space 26624K, 0% used [0x000000076ab00000,0x000000076ab00000,0x000000076c500000)
  from space 3584K, 16% used [0x000000076c880000,0x000000076c916b90,0x000000076cc00000)
  to   space 3584K, 0% used [0x000000076c500000,0x000000076c500000,0x000000076c880000)
 ParOldGen       total 260608K, used 8405K [0x00000006c0000000, 0x00000006cfe80000, 0x000000076ab00000)
  object space 260608K, 3% used [0x00000006c0000000,0x00000006c0835578,0x00000006cfe80000)
 Metaspace       used 17185K, capacity 18186K, committed 18432K, reserved 1064960K
  class space    used 1907K, capacity 2195K, committed 2304K, reserved 1048576K
}
Event: 412.317 GC heap before
{Heap before GC invocations=17 (full 0):
 PSYoungGen      total 30208K, used 27226K [0x000000076ab00000, 0x000000076cc00000, 0x00000007c0000000)
  eden space 26624K, 100% used [0x000000076ab00000,0x000000076c500000,0x000000076c500000)
  from space 3584K, 16% used [0x000000076c880000,0x000000076c916b90,0x000000076cc00000)
  to   space 3584K, 0% used [0x000000076c500000,0x000000076c500000,0x000000076c880000)
 ParOldGen       total 260608K, used 8405K [0x00000006c0000000, 0x00000006cfe80000, 0x000000076ab00000)
  object space 260608K, 3% used [0x00000006c0000000,0x00000006c0835578,0x00000006cfe80000)
 Metaspace       used 18813K, capacity 19938K, committed 20224K, reserved 1067008K
  class space    used 2002K, capacity 2275K, committed 2304K, reserved 1048576K
Event: 412.320 GC heap after
Heap after GC invocations=17 (full 0):
 PSYoungGen      total 27136K, used 1079K [0x000000076ab00000, 0x000000076cb00000, 0x00000007c0000000)
  eden space 25600K, 0% used [0x000000076ab00000,0x000000076ab00000,0x000000076c400000)
  from space 1536K, 70% used [0x000000076c500000,0x000000076c60de28,0x000000076c680000)
  to   space 3584K, 0% used [0x000000076c780000,0x000000076c780000,0x000000076cb00000)
 ParOldGen       total 260608K, used 8549K [0x00000006c0000000, 0x00000006cfe80000, 0x000000076ab00000)
  object space 260608K, 3% used [0x00000006c0000000,0x00000006c0859578,0x00000006cfe80000)
 Metaspace       used 18813K, capacity 19938K, committed 20224K, reserved 1067008K
  class space    used 2002K, capacity 2275K, committed 2304K, reserved 1048576K
}

